{"/home/senbeiman/fullstackopen/frontend/src/App.js": {"path":"/home/senbeiman/fullstackopen/frontend/src/App.js","statementMap":{"0":{"start":{"line":9,"column":12},"end":{"line":155,"column":1}},"1":{"start":{"line":10,"column":28},"end":{"line":10,"column":40}},"2":{"start":{"line":11,"column":44},"end":{"line":11,"column":58}},"3":{"start":{"line":12,"column":34},"end":{"line":12,"column":46}},"4":{"start":{"line":13,"column":34},"end":{"line":13,"column":46}},"5":{"start":{"line":14,"column":26},"end":{"line":14,"column":40}},"6":{"start":{"line":15,"column":22},"end":{"line":15,"column":30}},"7":{"start":{"line":17,"column":2},"end":{"line":23,"column":8}},"8":{"start":{"line":18,"column":28},"end":{"line":21,"column":5}},"9":{"start":{"line":19,"column":27},"end":{"line":19,"column":53}},"10":{"start":{"line":20,"column":6},"end":{"line":20,"column":28}},"11":{"start":{"line":22,"column":4},"end":{"line":22,"column":21}},"12":{"start":{"line":25,"column":2},"end":{"line":32,"column":8}},"13":{"start":{"line":26,"column":27},"end":{"line":26,"column":75}},"14":{"start":{"line":27,"column":4},"end":{"line":31,"column":5}},"15":{"start":{"line":28,"column":25},"end":{"line":28,"column":51}},"16":{"start":{"line":29,"column":6},"end":{"line":29,"column":25}},"17":{"start":{"line":30,"column":6},"end":{"line":30,"column":44}},"18":{"start":{"line":34,"column":18},"end":{"line":44,"column":3}},"19":{"start":{"line":35,"column":4},"end":{"line":35,"column":42}},"20":{"start":{"line":36,"column":4},"end":{"line":42,"column":5}},"21":{"start":{"line":37,"column":27},"end":{"line":37,"column":62}},"22":{"start":{"line":38,"column":6},"end":{"line":38,"column":42}},"23":{"start":{"line":39,"column":6},"end":{"line":39,"column":119}},"24":{"start":{"line":41,"column":6},"end":{"line":41,"column":69}},"25":{"start":{"line":43,"column":4},"end":{"line":43,"column":52}},"26":{"start":{"line":43,"column":22},"end":{"line":43,"column":44}},"27":{"start":{"line":46,"column":24},"end":{"line":57,"column":3}},"28":{"start":{"line":47,"column":4},"end":{"line":55,"column":5}},"29":{"start":{"line":48,"column":26},"end":{"line":48,"column":76}},"30":{"start":{"line":49,"column":43},"end":{"line":49,"column":54}},"31":{"start":{"line":50,"column":27},"end":{"line":50,"column":68}},"32":{"start":{"line":51,"column":6},"end":{"line":51,"column":85}},"33":{"start":{"line":51,"column":35},"end":{"line":51,"column":83}},"34":{"start":{"line":52,"column":6},"end":{"line":52,"column":124}},"35":{"start":{"line":54,"column":6},"end":{"line":54,"column":69}},"36":{"start":{"line":56,"column":4},"end":{"line":56,"column":52}},"37":{"start":{"line":56,"column":22},"end":{"line":56,"column":44}},"38":{"start":{"line":59,"column":21},"end":{"line":72,"column":3}},"39":{"start":{"line":60,"column":4},"end":{"line":62,"column":5}},"40":{"start":{"line":61,"column":6},"end":{"line":61,"column":12}},"41":{"start":{"line":63,"column":4},"end":{"line":69,"column":5}},"42":{"start":{"line":64,"column":6},"end":{"line":64,"column":44}},"43":{"start":{"line":65,"column":6},"end":{"line":65,"column":68}},"44":{"start":{"line":65,"column":38},"end":{"line":65,"column":65}},"45":{"start":{"line":66,"column":6},"end":{"line":66,"column":110}},"46":{"start":{"line":68,"column":6},"end":{"line":68,"column":69}},"47":{"start":{"line":70,"column":4},"end":{"line":70,"column":52}},"48":{"start":{"line":70,"column":22},"end":{"line":70,"column":44}},"49":{"start":{"line":74,"column":22},"end":{"line":93,"column":3}},"50":{"start":{"line":75,"column":4},"end":{"line":75,"column":26}},"51":{"start":{"line":77,"column":4},"end":{"line":92,"column":5}},"52":{"start":{"line":78,"column":24},"end":{"line":80,"column":8}},"53":{"start":{"line":81,"column":6},"end":{"line":83,"column":7}},"54":{"start":{"line":84,"column":6},"end":{"line":84,"column":43}},"55":{"start":{"line":85,"column":6},"end":{"line":85,"column":24}},"56":{"start":{"line":86,"column":6},"end":{"line":86,"column":21}},"57":{"start":{"line":87,"column":6},"end":{"line":87,"column":21}},"58":{"start":{"line":89,"column":6},"end":{"line":89,"column":80}},"59":{"start":{"line":90,"column":6},"end":{"line":90,"column":54}},"60":{"start":{"line":90,"column":24},"end":{"line":90,"column":46}},"61":{"start":{"line":91,"column":6},"end":{"line":91,"column":28}},"62":{"start":{"line":95,"column":23},"end":{"line":98,"column":3}},"63":{"start":{"line":96,"column":4},"end":{"line":96,"column":55}},"64":{"start":{"line":97,"column":4},"end":{"line":97,"column":17}},"65":{"start":{"line":100,"column":20},"end":{"line":126,"column":3}},"66":{"start":{"line":101,"column":4},"end":{"line":125,"column":10}},"67":{"start":{"line":111,"column":38},"end":{"line":111,"column":63}},"68":{"start":{"line":120,"column":38},"end":{"line":120,"column":63}},"69":{"start":{"line":129,"column":20},"end":{"line":138,"column":3}},"70":{"start":{"line":130,"column":4},"end":{"line":137,"column":10}},"71":{"start":{"line":131,"column":36},"end":{"line":131,"column":61}},"72":{"start":{"line":132,"column":8},"end":{"line":135,"column":10}},"73":{"start":{"line":133,"column":30},"end":{"line":133,"column":49}},"74":{"start":{"line":134,"column":32},"end":{"line":134,"column":48}},"75":{"start":{"line":140,"column":2},"end":{"line":142,"column":3}},"76":{"start":{"line":141,"column":4},"end":{"line":141,"column":22}},"77":{"start":{"line":144,"column":2},"end":{"line":154,"column":3}}},"fnMap":{"0":{"name":"(anonymous_0)","decl":{"start":{"line":9,"column":12},"end":{"line":9,"column":13}},"loc":{"start":{"line":9,"column":18},"end":{"line":155,"column":1}},"line":9},"1":{"name":"(anonymous_1)","decl":{"start":{"line":17,"column":12},"end":{"line":17,"column":13}},"loc":{"start":{"line":17,"column":18},"end":{"line":23,"column":3}},"line":17},"2":{"name":"(anonymous_2)","decl":{"start":{"line":18,"column":28},"end":{"line":18,"column":29}},"loc":{"start":{"line":18,"column":40},"end":{"line":21,"column":5}},"line":18},"3":{"name":"(anonymous_3)","decl":{"start":{"line":25,"column":12},"end":{"line":25,"column":13}},"loc":{"start":{"line":25,"column":18},"end":{"line":32,"column":3}},"line":25},"4":{"name":"(anonymous_4)","decl":{"start":{"line":34,"column":18},"end":{"line":34,"column":19}},"loc":{"start":{"line":34,"column":39},"end":{"line":44,"column":3}},"line":34},"5":{"name":"(anonymous_5)","decl":{"start":{"line":43,"column":15},"end":{"line":43,"column":16}},"loc":{"start":{"line":43,"column":21},"end":{"line":43,"column":45}},"line":43},"6":{"name":"(anonymous_6)","decl":{"start":{"line":46,"column":24},"end":{"line":46,"column":25}},"loc":{"start":{"line":46,"column":48},"end":{"line":57,"column":3}},"line":46},"7":{"name":"(anonymous_7)","decl":{"start":{"line":51,"column":25},"end":{"line":51,"column":26}},"loc":{"start":{"line":51,"column":35},"end":{"line":51,"column":83}},"line":51},"8":{"name":"(anonymous_8)","decl":{"start":{"line":56,"column":15},"end":{"line":56,"column":16}},"loc":{"start":{"line":56,"column":21},"end":{"line":56,"column":45}},"line":56},"9":{"name":"(anonymous_9)","decl":{"start":{"line":59,"column":21},"end":{"line":59,"column":22}},"loc":{"start":{"line":59,"column":45},"end":{"line":72,"column":3}},"line":59},"10":{"name":"(anonymous_10)","decl":{"start":{"line":65,"column":28},"end":{"line":65,"column":29}},"loc":{"start":{"line":65,"column":38},"end":{"line":65,"column":65}},"line":65},"11":{"name":"(anonymous_11)","decl":{"start":{"line":70,"column":15},"end":{"line":70,"column":16}},"loc":{"start":{"line":70,"column":21},"end":{"line":70,"column":45}},"line":70},"12":{"name":"(anonymous_12)","decl":{"start":{"line":74,"column":22},"end":{"line":74,"column":23}},"loc":{"start":{"line":74,"column":39},"end":{"line":93,"column":3}},"line":74},"13":{"name":"(anonymous_13)","decl":{"start":{"line":90,"column":17},"end":{"line":90,"column":18}},"loc":{"start":{"line":90,"column":23},"end":{"line":90,"column":47}},"line":90},"14":{"name":"(anonymous_14)","decl":{"start":{"line":95,"column":23},"end":{"line":95,"column":24}},"loc":{"start":{"line":95,"column":29},"end":{"line":98,"column":3}},"line":95},"15":{"name":"(anonymous_15)","decl":{"start":{"line":100,"column":20},"end":{"line":100,"column":21}},"loc":{"start":{"line":101,"column":4},"end":{"line":125,"column":10}},"line":101},"16":{"name":"(anonymous_16)","decl":{"start":{"line":111,"column":22},"end":{"line":111,"column":23}},"loc":{"start":{"line":111,"column":38},"end":{"line":111,"column":63}},"line":111},"17":{"name":"(anonymous_17)","decl":{"start":{"line":120,"column":22},"end":{"line":120,"column":23}},"loc":{"start":{"line":120,"column":38},"end":{"line":120,"column":63}},"line":120},"18":{"name":"(anonymous_18)","decl":{"start":{"line":129,"column":20},"end":{"line":129,"column":21}},"loc":{"start":{"line":130,"column":4},"end":{"line":137,"column":10}},"line":130},"19":{"name":"(anonymous_19)","decl":{"start":{"line":131,"column":18},"end":{"line":131,"column":19}},"loc":{"start":{"line":131,"column":36},"end":{"line":131,"column":61}},"line":131},"20":{"name":"(anonymous_20)","decl":{"start":{"line":131,"column":67},"end":{"line":131,"column":68}},"loc":{"start":{"line":132,"column":8},"end":{"line":135,"column":10}},"line":132},"21":{"name":"(anonymous_21)","decl":{"start":{"line":133,"column":23},"end":{"line":133,"column":24}},"loc":{"start":{"line":133,"column":29},"end":{"line":133,"column":50}},"line":133},"22":{"name":"(anonymous_22)","decl":{"start":{"line":134,"column":25},"end":{"line":134,"column":26}},"loc":{"start":{"line":134,"column":31},"end":{"line":134,"column":49}},"line":134}},"branchMap":{"0":{"loc":{"start":{"line":27,"column":4},"end":{"line":31,"column":5}},"type":"if","locations":[{"start":{"line":27,"column":4},"end":{"line":31,"column":5}},{"start":{"line":27,"column":4},"end":{"line":31,"column":5}}],"line":27},"1":{"loc":{"start":{"line":51,"column":35},"end":{"line":51,"column":83}},"type":"cond-expr","locations":[{"start":{"line":51,"column":65},"end":{"line":51,"column":76}},{"start":{"line":51,"column":79},"end":{"line":51,"column":83}}],"line":51},"2":{"loc":{"start":{"line":60,"column":4},"end":{"line":62,"column":5}},"type":"if","locations":[{"start":{"line":60,"column":4},"end":{"line":62,"column":5}},{"start":{"line":60,"column":4},"end":{"line":62,"column":5}}],"line":60},"3":{"loc":{"start":{"line":140,"column":2},"end":{"line":142,"column":3}},"type":"if","locations":[{"start":{"line":140,"column":2},"end":{"line":142,"column":3}},{"start":{"line":140,"column":2},"end":{"line":142,"column":3}}],"line":140}},"s":{"0":0,"1":0,"2":0,"3":0,"4":0,"5":0,"6":0,"7":0,"8":0,"9":0,"10":0,"11":0,"12":0,"13":0,"14":0,"15":0,"16":0,"17":0,"18":0,"19":0,"20":0,"21":0,"22":0,"23":0,"24":0,"25":0,"26":0,"27":0,"28":0,"29":0,"30":0,"31":0,"32":0,"33":0,"34":0,"35":0,"36":0,"37":0,"38":0,"39":0,"40":0,"41":0,"42":0,"43":0,"44":0,"45":0,"46":0,"47":0,"48":0,"49":0,"50":0,"51":0,"52":0,"53":0,"54":0,"55":0,"56":0,"57":0,"58":0,"59":0,"60":0,"61":0,"62":0,"63":0,"64":0,"65":0,"66":0,"67":0,"68":0,"69":0,"70":0,"71":0,"72":0,"73":0,"74":0,"75":0,"76":0,"77":0},"f":{"0":0,"1":0,"2":0,"3":0,"4":0,"5":0,"6":0,"7":0,"8":0,"9":0,"10":0,"11":0,"12":0,"13":0,"14":0,"15":0,"16":0,"17":0,"18":0,"19":0,"20":0,"21":0,"22":0},"b":{"0":[0,0],"1":[0,0],"2":[0,0],"3":[0,0]}}
,"/home/senbeiman/fullstackopen/frontend/src/index.js": {"path":"/home/senbeiman/fullstackopen/frontend/src/index.js","statementMap":{"0":{"start":{"line":5,"column":0},"end":{"line":5,"column":57}}},"fnMap":{},"branchMap":{},"s":{"0":0},"f":{},"b":{}}
,"/home/senbeiman/fullstackopen/frontend/src/components/Blog.js": {"path":"/home/senbeiman/fullstackopen/frontend/src/components/Blog.js","statementMap":{"0":{"start":{"line":3,"column":13},"end":{"line":28,"column":1}},"1":{"start":{"line":4,"column":20},"end":{"line":10,"column":3}},"2":{"start":{"line":11,"column":38},"end":{"line":11,"column":53}},"3":{"start":{"line":12,"column":27},"end":{"line":19,"column":3}},"4":{"start":{"line":13,"column":4},"end":{"line":18,"column":10}},"5":{"start":{"line":20,"column":2},"end":{"line":27,"column":3}},"6":{"start":{"line":23,"column":32},"end":{"line":23,"column":58}}},"fnMap":{"0":{"name":"(anonymous_0)","decl":{"start":{"line":3,"column":13},"end":{"line":3,"column":14}},"loc":{"start":{"line":3,"column":55},"end":{"line":28,"column":1}},"line":3},"1":{"name":"(anonymous_1)","decl":{"start":{"line":12,"column":27},"end":{"line":12,"column":28}},"loc":{"start":{"line":13,"column":4},"end":{"line":18,"column":10}},"line":13},"2":{"name":"(anonymous_2)","decl":{"start":{"line":23,"column":25},"end":{"line":23,"column":26}},"loc":{"start":{"line":23,"column":31},"end":{"line":23,"column":59}},"line":23}},"branchMap":{"0":{"loc":{"start":{"line":23,"column":62},"end":{"line":23,"column":90}},"type":"cond-expr","locations":[{"start":{"line":23,"column":75},"end":{"line":23,"column":81}},{"start":{"line":23,"column":84},"end":{"line":23,"column":90}}],"line":23},"1":{"loc":{"start":{"line":25,"column":7},"end":{"line":25,"column":39}},"type":"binary-expr","locations":[{"start":{"line":25,"column":7},"end":{"line":25,"column":17}},{"start":{"line":25,"column":21},"end":{"line":25,"column":39}}],"line":25}},"s":{"0":1,"1":5,"2":5,"3":5,"4":2,"5":5,"6":2},"f":{"0":5,"1":2,"2":2},"b":{"0":[2,3],"1":[5,2]},"_coverageSchema":"1a1c01bbd47fc00a2c39e90264f33305004495a9","hash":"1d1e6baa16094268a734fd95953c2b63ef57219f"}
,"/home/senbeiman/fullstackopen/frontend/src/components/BlogForm.js": {"path":"/home/senbeiman/fullstackopen/frontend/src/components/BlogForm.js","statementMap":{"0":{"start":{"line":3,"column":17},"end":{"line":47,"column":1}},"1":{"start":{"line":4,"column":32},"end":{"line":4,"column":75}},"2":{"start":{"line":5,"column":18},"end":{"line":14,"column":3}},"3":{"start":{"line":6,"column":4},"end":{"line":6,"column":26}},"4":{"start":{"line":7,"column":22},"end":{"line":11,"column":5}},"5":{"start":{"line":12,"column":4},"end":{"line":12,"column":25}},"6":{"start":{"line":13,"column":4},"end":{"line":13,"column":49}},"7":{"start":{"line":15,"column":2},"end":{"line":46,"column":3}},"8":{"start":{"line":24,"column":38},"end":{"line":24,"column":85}},"9":{"start":{"line":32,"column":38},"end":{"line":32,"column":86}},"10":{"start":{"line":40,"column":38},"end":{"line":40,"column":83}}},"fnMap":{"0":{"name":"(anonymous_0)","decl":{"start":{"line":3,"column":17},"end":{"line":3,"column":18}},"loc":{"start":{"line":3,"column":37},"end":{"line":47,"column":1}},"line":3},"1":{"name":"(anonymous_1)","decl":{"start":{"line":5,"column":18},"end":{"line":5,"column":19}},"loc":{"start":{"line":5,"column":29},"end":{"line":14,"column":3}},"line":5},"2":{"name":"(anonymous_2)","decl":{"start":{"line":24,"column":22},"end":{"line":24,"column":23}},"loc":{"start":{"line":24,"column":38},"end":{"line":24,"column":85}},"line":24},"3":{"name":"(anonymous_3)","decl":{"start":{"line":32,"column":22},"end":{"line":32,"column":23}},"loc":{"start":{"line":32,"column":38},"end":{"line":32,"column":86}},"line":32},"4":{"name":"(anonymous_4)","decl":{"start":{"line":40,"column":22},"end":{"line":40,"column":23}},"loc":{"start":{"line":40,"column":38},"end":{"line":40,"column":83}},"line":40}},"branchMap":{},"s":{"0":1,"1":5,"2":5,"3":1,"4":1,"5":1,"6":1,"7":5,"8":1,"9":1,"10":1},"f":{"0":5,"1":1,"2":1,"3":1,"4":1},"b":{},"_coverageSchema":"1a1c01bbd47fc00a2c39e90264f33305004495a9","hash":"99e1b633d3b6ac7c1224ef4710b559b7b36ff7a6"}
,"/home/senbeiman/fullstackopen/frontend/src/components/Countries.js": {"path":"/home/senbeiman/fullstackopen/frontend/src/components/Countries.js","statementMap":{"0":{"start":{"line":3,"column":18},"end":{"line":9,"column":1}},"1":{"start":{"line":4,"column":2},"end":{"line":8,"column":3}},"2":{"start":{"line":6,"column":34},"end":{"line":6,"column":128}},"3":{"start":{"line":6,"column":93},"end":{"line":6,"column":109}}},"fnMap":{"0":{"name":"(anonymous_0)","decl":{"start":{"line":3,"column":18},"end":{"line":3,"column":19}},"loc":{"start":{"line":3,"column":46},"end":{"line":9,"column":1}},"line":3},"1":{"name":"(anonymous_1)","decl":{"start":{"line":6,"column":21},"end":{"line":6,"column":22}},"loc":{"start":{"line":6,"column":34},"end":{"line":6,"column":128}},"line":6},"2":{"name":"(anonymous_2)","decl":{"start":{"line":6,"column":87},"end":{"line":6,"column":88}},"loc":{"start":{"line":6,"column":93},"end":{"line":6,"column":109}},"line":6}},"branchMap":{},"s":{"0":0,"1":0,"2":0,"3":0},"f":{"0":0,"1":0,"2":0},"b":{}}
,"/home/senbeiman/fullstackopen/frontend/src/components/CountryDetail.js": {"path":"/home/senbeiman/fullstackopen/frontend/src/components/CountryDetail.js","statementMap":{"0":{"start":{"line":4,"column":22},"end":{"line":31,"column":1}},"1":{"start":{"line":5,"column":34},"end":{"line":5,"column":46}},"2":{"start":{"line":6,"column":17},"end":{"line":6,"column":46}},"3":{"start":{"line":7,"column":2},"end":{"line":13,"column":23}},"4":{"start":{"line":8,"column":4},"end":{"line":12,"column":8}},"5":{"start":{"line":11,"column":8},"end":{"line":11,"column":41}},"6":{"start":{"line":15,"column":2},"end":{"line":30,"column":3}},"7":{"start":{"line":22,"column":45},"end":{"line":22,"column":89}}},"fnMap":{"0":{"name":"(anonymous_0)","decl":{"start":{"line":4,"column":22},"end":{"line":4,"column":23}},"loc":{"start":{"line":4,"column":39},"end":{"line":31,"column":1}},"line":4},"1":{"name":"(anonymous_1)","decl":{"start":{"line":7,"column":12},"end":{"line":7,"column":13}},"loc":{"start":{"line":7,"column":18},"end":{"line":13,"column":3}},"line":7},"2":{"name":"(anonymous_2)","decl":{"start":{"line":10,"column":12},"end":{"line":10,"column":13}},"loc":{"start":{"line":10,"column":24},"end":{"line":12,"column":7}},"line":10},"3":{"name":"(anonymous_3)","decl":{"start":{"line":22,"column":31},"end":{"line":22,"column":32}},"loc":{"start":{"line":22,"column":45},"end":{"line":22,"column":89}},"line":22}},"branchMap":{},"s":{"0":0,"1":0,"2":0,"3":0,"4":0,"5":0,"6":0,"7":0},"f":{"0":0,"1":0,"2":0,"3":0},"b":{}}
,"/home/senbeiman/fullstackopen/frontend/src/components/Filter.js": {"path":"/home/senbeiman/fullstackopen/frontend/src/components/Filter.js","statementMap":{"0":{"start":{"line":3,"column":15},"end":{"line":9,"column":1}},"1":{"start":{"line":4,"column":2},"end":{"line":8,"column":3}}},"fnMap":{"0":{"name":"(anonymous_0)","decl":{"start":{"line":3,"column":15},"end":{"line":3,"column":16}},"loc":{"start":{"line":3,"column":40},"end":{"line":9,"column":1}},"line":3}},"branchMap":{},"s":{"0":0,"1":0},"f":{"0":0},"b":{}}
,"/home/senbeiman/fullstackopen/frontend/src/components/Notification.js": {"path":"/home/senbeiman/fullstackopen/frontend/src/components/Notification.js","statementMap":{"0":{"start":{"line":3,"column":21},"end":{"line":31,"column":1}},"1":{"start":{"line":4,"column":23},"end":{"line":12,"column":3}},"2":{"start":{"line":13,"column":21},"end":{"line":21,"column":3}},"3":{"start":{"line":22,"column":2},"end":{"line":24,"column":3}},"4":{"start":{"line":23,"column":4},"end":{"line":23,"column":15}},"5":{"start":{"line":26,"column":2},"end":{"line":30,"column":3}}},"fnMap":{"0":{"name":"(anonymous_0)","decl":{"start":{"line":3,"column":21},"end":{"line":3,"column":22}},"loc":{"start":{"line":3,"column":44},"end":{"line":31,"column":1}},"line":3}},"branchMap":{"0":{"loc":{"start":{"line":22,"column":2},"end":{"line":24,"column":3}},"type":"if","locations":[{"start":{"line":22,"column":2},"end":{"line":24,"column":3}},{"start":{"line":22,"column":2},"end":{"line":24,"column":3}}],"line":22},"1":{"loc":{"start":{"line":27,"column":16},"end":{"line":27,"column":65}},"type":"cond-expr","locations":[{"start":{"line":27,"column":40},"end":{"line":27,"column":50}},{"start":{"line":27,"column":53},"end":{"line":27,"column":65}}],"line":27}},"s":{"0":0,"1":0,"2":0,"3":0,"4":0,"5":0},"f":{"0":0},"b":{"0":[0,0],"1":[0,0]}}
,"/home/senbeiman/fullstackopen/frontend/src/components/PersonForm.js": {"path":"/home/senbeiman/fullstackopen/frontend/src/components/PersonForm.js","statementMap":{"0":{"start":{"line":3,"column":19},"end":{"line":17,"column":1}},"1":{"start":{"line":4,"column":2},"end":{"line":16,"column":3}}},"fnMap":{"0":{"name":"(anonymous_0)","decl":{"start":{"line":3,"column":19},"end":{"line":3,"column":20}},"loc":{"start":{"line":3,"column":91},"end":{"line":17,"column":1}},"line":3}},"branchMap":{},"s":{"0":0,"1":0},"f":{"0":0},"b":{}}
,"/home/senbeiman/fullstackopen/frontend/src/components/Persons.js": {"path":"/home/senbeiman/fullstackopen/frontend/src/components/Persons.js","statementMap":{"0":{"start":{"line":3,"column":16},"end":{"line":12,"column":1}},"1":{"start":{"line":4,"column":2},"end":{"line":11,"column":3}},"2":{"start":{"line":6,"column":31},"end":{"line":9,"column":10}},"3":{"start":{"line":8,"column":31},"end":{"line":8,"column":46}}},"fnMap":{"0":{"name":"(anonymous_0)","decl":{"start":{"line":3,"column":16},"end":{"line":3,"column":17}},"loc":{"start":{"line":3,"column":42},"end":{"line":12,"column":1}},"line":3},"1":{"name":"(anonymous_1)","decl":{"start":{"line":6,"column":19},"end":{"line":6,"column":20}},"loc":{"start":{"line":6,"column":31},"end":{"line":9,"column":10}},"line":6},"2":{"name":"(anonymous_2)","decl":{"start":{"line":8,"column":25},"end":{"line":8,"column":26}},"loc":{"start":{"line":8,"column":31},"end":{"line":8,"column":46}},"line":8}},"branchMap":{},"s":{"0":0,"1":0,"2":0,"3":0},"f":{"0":0,"1":0,"2":0},"b":{}}
,"/home/senbeiman/fullstackopen/frontend/src/components/Togglable.js": {"path":"/home/senbeiman/fullstackopen/frontend/src/components/Togglable.js","statementMap":{"0":{"start":{"line":4,"column":18},"end":{"line":31,"column":2}},"1":{"start":{"line":5,"column":32},"end":{"line":5,"column":47}},"2":{"start":{"line":7,"column":26},"end":{"line":7,"column":60}},"3":{"start":{"line":8,"column":26},"end":{"line":8,"column":60}},"4":{"start":{"line":10,"column":27},"end":{"line":12,"column":3}},"5":{"start":{"line":11,"column":4},"end":{"line":11,"column":24}},"6":{"start":{"line":14,"column":2},"end":{"line":18,"column":4}},"7":{"start":{"line":15,"column":4},"end":{"line":17,"column":5}},"8":{"start":{"line":20,"column":2},"end":{"line":30,"column":3}},"9":{"start":{"line":33,"column":0},"end":{"line":35,"column":1}},"10":{"start":{"line":37,"column":0},"end":{"line":37,"column":35}}},"fnMap":{"0":{"name":"(anonymous_0)","decl":{"start":{"line":4,"column":35},"end":{"line":4,"column":36}},"loc":{"start":{"line":4,"column":51},"end":{"line":31,"column":1}},"line":4},"1":{"name":"(anonymous_1)","decl":{"start":{"line":10,"column":27},"end":{"line":10,"column":28}},"loc":{"start":{"line":10,"column":33},"end":{"line":12,"column":3}},"line":10},"2":{"name":"(anonymous_2)","decl":{"start":{"line":14,"column":27},"end":{"line":14,"column":28}},"loc":{"start":{"line":14,"column":33},"end":{"line":18,"column":3}},"line":14}},"branchMap":{"0":{"loc":{"start":{"line":7,"column":37},"end":{"line":7,"column":58}},"type":"cond-expr","locations":[{"start":{"line":7,"column":47},"end":{"line":7,"column":53}},{"start":{"line":7,"column":56},"end":{"line":7,"column":58}}],"line":7},"1":{"loc":{"start":{"line":8,"column":37},"end":{"line":8,"column":58}},"type":"cond-expr","locations":[{"start":{"line":8,"column":47},"end":{"line":8,"column":49}},{"start":{"line":8,"column":52},"end":{"line":8,"column":58}}],"line":8}},"s":{"0":0,"1":0,"2":0,"3":0,"4":0,"5":0,"6":0,"7":0,"8":0,"9":0,"10":0},"f":{"0":0,"1":0,"2":0},"b":{"0":[0,0],"1":[0,0]}}
,"/home/senbeiman/fullstackopen/frontend/src/services/blogs.js": {"path":"/home/senbeiman/fullstackopen/frontend/src/services/blogs.js","statementMap":{"0":{"start":{"line":2,"column":16},"end":{"line":2,"column":28}},"1":{"start":{"line":4,"column":12},"end":{"line":4,"column":16}},"2":{"start":{"line":6,"column":17},"end":{"line":8,"column":1}},"3":{"start":{"line":7,"column":2},"end":{"line":7,"column":30}},"4":{"start":{"line":10,"column":15},"end":{"line":13,"column":1}},"5":{"start":{"line":11,"column":19},"end":{"line":11,"column":43}},"6":{"start":{"line":12,"column":2},"end":{"line":12,"column":22}},"7":{"start":{"line":15,"column":15},"end":{"line":22,"column":1}},"8":{"start":{"line":16,"column":17},"end":{"line":18,"column":3}},"9":{"start":{"line":20,"column":19},"end":{"line":20,"column":63}},"10":{"start":{"line":21,"column":2},"end":{"line":21,"column":22}},"11":{"start":{"line":24,"column":15},"end":{"line":31,"column":1}},"12":{"start":{"line":25,"column":17},"end":{"line":27,"column":3}},"13":{"start":{"line":29,"column":19},"end":{"line":29,"column":83}},"14":{"start":{"line":30,"column":2},"end":{"line":30,"column":22}},"15":{"start":{"line":33,"column":15},"end":{"line":40,"column":1}},"16":{"start":{"line":34,"column":17},"end":{"line":36,"column":3}},"17":{"start":{"line":38,"column":19},"end":{"line":38,"column":75}},"18":{"start":{"line":39,"column":2},"end":{"line":39,"column":22}}},"fnMap":{"0":{"name":"(anonymous_0)","decl":{"start":{"line":6,"column":17},"end":{"line":6,"column":18}},"loc":{"start":{"line":6,"column":29},"end":{"line":8,"column":1}},"line":6},"1":{"name":"(anonymous_1)","decl":{"start":{"line":10,"column":15},"end":{"line":10,"column":16}},"loc":{"start":{"line":10,"column":27},"end":{"line":13,"column":1}},"line":10},"2":{"name":"(anonymous_2)","decl":{"start":{"line":15,"column":15},"end":{"line":15,"column":16}},"loc":{"start":{"line":15,"column":34},"end":{"line":22,"column":1}},"line":15},"3":{"name":"(anonymous_3)","decl":{"start":{"line":24,"column":15},"end":{"line":24,"column":16}},"loc":{"start":{"line":24,"column":34},"end":{"line":31,"column":1}},"line":24},"4":{"name":"(anonymous_4)","decl":{"start":{"line":33,"column":15},"end":{"line":33,"column":16}},"loc":{"start":{"line":33,"column":34},"end":{"line":40,"column":1}},"line":33}},"branchMap":{},"s":{"0":0,"1":0,"2":0,"3":0,"4":0,"5":0,"6":0,"7":0,"8":0,"9":0,"10":0,"11":0,"12":0,"13":0,"14":0,"15":0,"16":0,"17":0,"18":0},"f":{"0":0,"1":0,"2":0,"3":0,"4":0},"b":{}}
,"/home/senbeiman/fullstackopen/frontend/src/services/login.js": {"path":"/home/senbeiman/fullstackopen/frontend/src/services/login.js","statementMap":{"0":{"start":{"line":2,"column":16},"end":{"line":2,"column":28}},"1":{"start":{"line":4,"column":14},"end":{"line":7,"column":1}},"2":{"start":{"line":5,"column":19},"end":{"line":5,"column":57}},"3":{"start":{"line":6,"column":2},"end":{"line":6,"column":22}}},"fnMap":{"0":{"name":"(anonymous_0)","decl":{"start":{"line":4,"column":14},"end":{"line":4,"column":15}},"loc":{"start":{"line":4,"column":35},"end":{"line":7,"column":1}},"line":4}},"branchMap":{},"s":{"0":0,"1":0,"2":0,"3":0},"f":{"0":0},"b":{}}
,"/home/senbeiman/fullstackopen/frontend/src/services/persons.js": {"path":"/home/senbeiman/fullstackopen/frontend/src/services/persons.js","statementMap":{"0":{"start":{"line":3,"column":16},"end":{"line":3,"column":30}},"1":{"start":{"line":5,"column":15},"end":{"line":8,"column":1}},"2":{"start":{"line":6,"column":18},"end":{"line":6,"column":36}},"3":{"start":{"line":7,"column":2},"end":{"line":7,"column":48}},"4":{"start":{"line":7,"column":34},"end":{"line":7,"column":47}},"5":{"start":{"line":10,"column":15},"end":{"line":13,"column":1}},"6":{"start":{"line":11,"column":18},"end":{"line":11,"column":48}},"7":{"start":{"line":12,"column":2},"end":{"line":12,"column":48}},"8":{"start":{"line":12,"column":34},"end":{"line":12,"column":47}},"9":{"start":{"line":15,"column":15},"end":{"line":15,"column":53}},"10":{"start":{"line":15,"column":21},"end":{"line":15,"column":53}},"11":{"start":{"line":17,"column":16},"end":{"line":20,"column":1}},"12":{"start":{"line":18,"column":18},"end":{"line":18,"column":68}},"13":{"start":{"line":19,"column":2},"end":{"line":19,"column":48}},"14":{"start":{"line":19,"column":34},"end":{"line":19,"column":47}}},"fnMap":{"0":{"name":"(anonymous_0)","decl":{"start":{"line":5,"column":15},"end":{"line":5,"column":16}},"loc":{"start":{"line":5,"column":21},"end":{"line":8,"column":1}},"line":5},"1":{"name":"(anonymous_1)","decl":{"start":{"line":7,"column":22},"end":{"line":7,"column":23}},"loc":{"start":{"line":7,"column":34},"end":{"line":7,"column":47}},"line":7},"2":{"name":"(anonymous_2)","decl":{"start":{"line":10,"column":15},"end":{"line":10,"column":16}},"loc":{"start":{"line":10,"column":28},"end":{"line":13,"column":1}},"line":10},"3":{"name":"(anonymous_3)","decl":{"start":{"line":12,"column":22},"end":{"line":12,"column":23}},"loc":{"start":{"line":12,"column":34},"end":{"line":12,"column":47}},"line":12},"4":{"name":"(anonymous_4)","decl":{"start":{"line":15,"column":15},"end":{"line":15,"column":16}},"loc":{"start":{"line":15,"column":21},"end":{"line":15,"column":53}},"line":15},"5":{"name":"(anonymous_5)","decl":{"start":{"line":17,"column":16},"end":{"line":17,"column":17}},"loc":{"start":{"line":17,"column":29},"end":{"line":20,"column":1}},"line":17},"6":{"name":"(anonymous_6)","decl":{"start":{"line":19,"column":22},"end":{"line":19,"column":23}},"loc":{"start":{"line":19,"column":34},"end":{"line":19,"column":47}},"line":19}},"branchMap":{},"s":{"0":0,"1":0,"2":0,"3":0,"4":0,"5":0,"6":0,"7":0,"8":0,"9":0,"10":0,"11":0,"12":0,"13":0,"14":0},"f":{"0":0,"1":0,"2":0,"3":0,"4":0,"5":0,"6":0},"b":{}}
}
